{
  "RSpec": {
    "coverage": {
      "/Users/phillipkamps/turing/1module/group_projects/black_thursday/spec/sales_engine_spec.rb": {
        "lines": [
          1,
          1,
          1,
          1,
          1,
          null,
          1,
          1,
          null,
          null,
          null,
          null,
          null,
          null,
          1,
          1,
          0,
          null,
          null,
          1,
          1,
          1,
          null,
          null,
          1,
          1,
          1,
          null,
          null
        ]
      },
      "/Users/phillipkamps/turing/1module/group_projects/black_thursday/lib/sales_engine.rb": {
        "lines": [
          1,
          1,
          1,
          1,
          1,
          1,
          null,
          1,
          1,
          1,
          24,
          24,
          24,
          24,
          24,
          24,
          24,
          24,
          null,
          null,
          1,
          24,
          24,
          24,
          24,
          24,
          null,
          null,
          1,
          1,
          null,
          null,
          1,
          4,
          null,
          null,
          1,
          15,
          null,
          null,
          1,
          10,
          null,
          null,
          1,
          2,
          null,
          null,
          1,
          3,
          3,
          4101,
          null,
          3,
          null,
          null,
          1,
          14,
          6650,
          null,
          14,
          null,
          null,
          1,
          10,
          10000,
          null,
          10,
          null,
          null,
          1,
          2,
          9970,
          null,
          2,
          null,
          null
        ]
      },
      "/Users/phillipkamps/turing/1module/group_projects/black_thursday/lib/merchant.rb": {
        "lines": [
          1,
          1,
          null,
          1,
          6657,
          6657,
          6657,
          null,
          null
        ]
      },
      "/Users/phillipkamps/turing/1module/group_projects/black_thursday/lib/item.rb": {
        "lines": [
          1,
          1,
          null,
          1,
          4105,
          4105,
          4105,
          4105,
          4105,
          4105,
          4105,
          4105,
          null,
          null,
          1,
          1,
          null,
          null
        ]
      },
      "/Users/phillipkamps/turing/1module/group_projects/black_thursday/lib/invoice.rb": {
        "lines": [
          1,
          null,
          1,
          1,
          null,
          1,
          9971,
          9971,
          9971,
          9971,
          9971,
          null,
          null
        ]
      },
      "/Users/phillipkamps/turing/1module/group_projects/black_thursday/lib/sales_analyst.rb": {
        "lines": [
          1,
          1,
          1,
          1,
          1,
          null,
          1,
          1,
          null,
          1,
          0,
          0,
          0,
          null,
          null,
          null,
          null,
          null,
          null,
          null,
          null,
          null,
          null,
          null,
          null,
          null,
          1,
          0,
          null,
          null,
          1,
          null,
          null,
          null,
          null,
          null,
          null,
          null,
          null,
          null,
          null,
          null,
          null
        ]
      },
      "/Users/phillipkamps/turing/1module/group_projects/black_thursday/lib/merchant_repo.rb": {
        "lines": [
          1,
          null,
          1,
          1,
          1,
          12,
          null,
          null,
          1,
          1,
          null,
          null,
          1,
          7,
          3153,
          null,
          null,
          null,
          1,
          6,
          2143,
          null,
          null,
          null,
          1,
          2,
          950,
          null,
          null,
          null,
          1,
          4,
          4,
          null,
          null,
          1,
          2,
          1,
          null,
          null,
          null,
          1,
          1,
          null,
          null
        ]
      },
      "/Users/phillipkamps/turing/1module/group_projects/black_thursday/lib/item_repo.rb": {
        "lines": [
          1,
          1,
          1,
          1,
          1,
          null,
          null,
          1,
          1,
          null,
          null,
          1,
          6,
          6851,
          null,
          null,
          null,
          1,
          3,
          1388,
          null,
          null,
          null,
          1,
          1,
          1367,
          null,
          null,
          null,
          1,
          1,
          1367,
          null,
          null,
          null,
          1,
          1,
          1,
          1367,
          null,
          1,
          null,
          null,
          1,
          1,
          1367,
          null,
          null,
          null,
          1,
          3,
          3,
          3,
          3,
          3,
          3,
          3,
          null,
          null,
          1,
          1,
          1,
          null,
          1,
          0,
          null,
          1,
          0,
          null,
          null,
          null,
          1,
          1,
          null,
          null
        ]
      },
      "/Users/phillipkamps/turing/1module/group_projects/black_thursday/spec/merchant_spec.rb": {
        "lines": [
          1,
          1,
          null,
          1,
          1,
          1,
          1,
          null,
          null,
          1,
          1,
          1,
          null,
          null,
          1,
          1,
          1,
          null,
          null
        ]
      },
      "/Users/phillipkamps/turing/1module/group_projects/black_thursday/spec/merchant_repo_spec.rb": {
        "lines": [
          1,
          1,
          1,
          1,
          null,
          1,
          1,
          12,
          null,
          null,
          null,
          null,
          null,
          null,
          null,
          1,
          12,
          null,
          null,
          1,
          1,
          null,
          null,
          1,
          1,
          null,
          null,
          1,
          1,
          1,
          1,
          null,
          null,
          1,
          1,
          1,
          1,
          null,
          null,
          1,
          1,
          1,
          1,
          1,
          null,
          null,
          1,
          1,
          1,
          null,
          null,
          1,
          1,
          1,
          null,
          null,
          1,
          1,
          1,
          null,
          null,
          1,
          1,
          1,
          1,
          1,
          1,
          null,
          null,
          1,
          1,
          1,
          1,
          1,
          1,
          1,
          null,
          null,
          1,
          1,
          1,
          1,
          1,
          null,
          null,
          1,
          1,
          1,
          1,
          null,
          null
        ]
      },
      "/Users/phillipkamps/turing/1module/group_projects/black_thursday/spec/item_spec.rb": {
        "lines": [
          1,
          1,
          1,
          null,
          1,
          1,
          null,
          null,
          null,
          null,
          null,
          null,
          null,
          null,
          null,
          1,
          null,
          1,
          1,
          null,
          null,
          1,
          1,
          1,
          1,
          1,
          1,
          1,
          1,
          null,
          null,
          1,
          1,
          null,
          null
        ]
      },
      "/Users/phillipkamps/turing/1module/group_projects/black_thursday/spec/item_repo_spec.rb": {
        "lines": [
          1,
          1,
          1,
          1,
          null,
          1,
          1,
          null,
          null,
          null,
          null,
          null,
          1,
          null,
          1,
          1,
          null,
          null,
          1,
          1,
          null,
          null,
          1,
          1,
          1,
          1,
          1,
          null,
          null,
          1,
          1,
          1,
          1,
          null,
          null,
          1,
          1,
          1,
          1,
          null,
          null,
          1,
          null,
          1,
          1,
          null,
          null,
          1,
          1,
          1,
          null,
          null,
          1,
          1,
          1,
          null,
          null,
          1,
          null,
          1,
          1,
          null,
          null,
          1,
          1,
          1,
          1,
          1,
          1,
          null,
          null,
          1,
          1,
          1,
          1,
          1,
          null,
          null,
          1,
          1,
          1,
          1,
          null,
          null
        ]
      },
      "/Users/phillipkamps/turing/1module/group_projects/black_thursday/spec/sales_analyst_spec.rb": {
        "lines": [
          1,
          1,
          1,
          1,
          1,
          1,
          1,
          1,
          null,
          1,
          1,
          1,
          0,
          null,
          null,
          null,
          null,
          null,
          null,
          null,
          1,
          0,
          null,
          null,
          1,
          0,
          null,
          null,
          1,
          null,
          null,
          1,
          0,
          null,
          null,
          1,
          0,
          null,
          null,
          1,
          0,
          null,
          null,
          1,
          0,
          null,
          null,
          1,
          0,
          null,
          0,
          0,
          null,
          null,
          1,
          0,
          0,
          null,
          null,
          1,
          0,
          0,
          null,
          null,
          null
        ]
      },
      "/Users/phillipkamps/turing/1module/group_projects/black_thursday/spec/spec_helper.rb": {
        "lines": [
          1,
          1,
          null,
          1,
          1,
          1,
          1,
          1,
          1,
          1,
          1,
          1,
          1
        ]
      },
      "/Users/phillipkamps/turing/1module/group_projects/black_thursday/spec/customer_spec.rb": {
        "lines": [
          1,
          1,
          1,
          1,
          1,
          1,
          null,
          1,
          1,
          2,
          null,
          null,
          null,
          null,
          null,
          null,
          null,
          null,
          1,
          1,
          null,
          null,
          1,
          1,
          1,
          1,
          1,
          1,
          null,
          null
        ]
      },
      "/Users/phillipkamps/turing/1module/group_projects/black_thursday/lib/customer.rb": {
        "lines": [
          1,
          1,
          null,
          1,
          10006,
          10006,
          10006,
          10006,
          10006,
          10006,
          null,
          null
        ]
      },
      "/Users/phillipkamps/turing/1module/group_projects/black_thursday/spec/customer_repo_spec.rb": {
        "lines": [
          1,
          1,
          1,
          1,
          1,
          null,
          1,
          1,
          9,
          null,
          null,
          null,
          null,
          null,
          null,
          null,
          1,
          9,
          null,
          null,
          1,
          1,
          null,
          null,
          1,
          1,
          null,
          null,
          1,
          1,
          1,
          1,
          null,
          null,
          1,
          1,
          1,
          null,
          null,
          1,
          1,
          1,
          null,
          null,
          1,
          1,
          null,
          null,
          null,
          1,
          1,
          null,
          null,
          1,
          1,
          null,
          null,
          null,
          null,
          1,
          1,
          1,
          0,
          0,
          null,
          null,
          1,
          1,
          null,
          null,
          null,
          1,
          1,
          1,
          1,
          null,
          null,
          1,
          1,
          null,
          null,
          null,
          null,
          1,
          1,
          null,
          null,
          null,
          null,
          null,
          null,
          null,
          null,
          null,
          null,
          null,
          null
        ]
      },
      "/Users/phillipkamps/turing/1module/group_projects/black_thursday/lib/customer_repo.rb": {
        "lines": [
          1,
          1,
          1,
          9,
          null,
          null,
          1,
          1,
          null,
          null,
          1,
          8,
          7307,
          null,
          null,
          null,
          1,
          1,
          1000,
          null,
          null,
          null,
          1,
          1,
          1000,
          null,
          null,
          null,
          1,
          4,
          4,
          4,
          4,
          null,
          null,
          1,
          2,
          1,
          0,
          null,
          null,
          null,
          1,
          1,
          null,
          null
        ]
      },
      "/Users/phillipkamps/turing/1module/group_projects/black_thursday/spec/invoice_spec.rb": {
        "lines": [
          1,
          1,
          null,
          1,
          1,
          null,
          null,
          null,
          null,
          null,
          null,
          null,
          1,
          1,
          null,
          null,
          1,
          1,
          1,
          1,
          1,
          0,
          0,
          null,
          null
        ]
      },
      "/Users/phillipkamps/turing/1module/group_projects/black_thursday/spec/invoice_repo_spec.rb": {
        "lines": [
          1,
          1,
          1,
          1,
          1,
          null,
          1,
          1,
          null,
          null,
          null,
          null,
          null,
          null,
          1,
          null,
          1,
          1,
          null,
          null,
          1,
          1,
          null,
          null,
          1,
          1,
          null,
          null,
          1,
          1,
          0,
          null,
          null,
          1,
          1,
          0,
          null,
          null,
          1,
          1,
          0,
          0,
          null,
          null,
          1,
          null,
          1,
          null,
          null,
          null,
          null,
          null,
          1,
          0,
          null,
          null,
          1,
          1,
          0,
          0,
          0,
          0,
          null,
          null,
          1,
          1,
          0,
          0,
          null,
          null
        ]
      },
      "/Users/phillipkamps/turing/1module/group_projects/black_thursday/lib/invoice_repo.rb": {
        "lines": [
          1,
          1,
          null,
          1,
          1,
          1,
          1,
          null,
          null,
          1,
          1,
          null,
          null,
          1,
          3,
          0,
          null,
          null,
          null,
          1,
          1,
          0,
          null,
          null,
          null,
          1,
          1,
          0,
          null,
          null,
          null,
          1,
          1,
          0,
          null,
          null,
          null,
          1,
          1,
          0,
          0,
          0,
          null,
          null,
          1,
          0,
          0,
          null,
          0,
          null,
          null,
          1,
          0,
          null,
          null
        ]
      }
    },
    "timestamp": 1646102594
  }
}
