{
  "RSpec": {
    "coverage": {
      "/Users/phillipkamps/turing/1module/group_projects/black_thursday/spec/merchant_spec.rb": {
        "lines": [
          1,
          1,
          null,
          1,
          1,
          1,
          1,
          null,
          null,
          1,
          1,
          1,
          null,
          null,
          1,
          1,
          1,
          null,
          null
        ]
      },
      "/Users/phillipkamps/turing/1module/group_projects/black_thursday/lib/merchant.rb": {
        "lines": [
          1,
          1,
          null,
          1,
          6182,
          6182,
          6182,
          null,
          null
        ]
      },
      "/Users/phillipkamps/turing/1module/group_projects/black_thursday/spec/merchant_repo_spec.rb": {
        "lines": [
          1,
          1,
          1,
          1,
          null,
          1,
          1,
          12,
          null,
          null,
          null,
          null,
          null,
          1,
          12,
          null,
          null,
          1,
          1,
          null,
          null,
          1,
          1,
          null,
          null,
          1,
          1,
          1,
          1,
          null,
          null,
          1,
          1,
          1,
          1,
          null,
          null,
          1,
          1,
          1,
          1,
          1,
          null,
          null,
          1,
          1,
          1,
          null,
          null,
          1,
          1,
          1,
          null,
          null,
          1,
          1,
          1,
          null,
          null,
          1,
          1,
          1,
          1,
          1,
          1,
          null,
          null,
          1,
          1,
          1,
          1,
          1,
          1,
          1,
          null,
          null,
          1,
          1,
          1,
          1,
          1,
          null,
          null,
          1,
          1,
          1,
          1,
          null,
          null
        ]
      },
      "/Users/phillipkamps/turing/1module/group_projects/black_thursday/lib/merchant_repo.rb": {
        "lines": [
          1,
          null,
          1,
          1,
          1,
          12,
          null,
          null,
          1,
          1,
          null,
          null,
          1,
          7,
          3153,
          null,
          null,
          null,
          1,
          6,
          2143,
          null,
          null,
          null,
          1,
          2,
          950,
          null,
          null,
          null,
          1,
          4,
          4,
          null,
          null,
          1,
          2,
          1,
          null,
          2,
          0,
          null,
          2,
          0,
          null,
          null,
          null,
          1,
          1,
          null,
          null
        ]
      },
      "/Users/phillipkamps/turing/1module/group_projects/black_thursday/lib/sales_engine.rb": {
        "lines": [
          1,
          1,
          1,
          1,
          null,
          1,
          1,
          1,
          14,
          14,
          14,
          null,
          null,
          1,
          14,
          14,
          14,
          null,
          null,
          1,
          3,
          null,
          null,
          1,
          14,
          null,
          null,
          1,
          2,
          2,
          2734,
          null,
          2,
          null,
          null,
          1,
          13,
          6175,
          null,
          13,
          null,
          null
        ]
      },
      "/Users/phillipkamps/turing/1module/group_projects/black_thursday/lib/item.rb": {
        "lines": [
          1,
          1,
          null,
          1,
          2738,
          2738,
          2738,
          2738,
          2738,
          2738,
          2738,
          2738,
          null,
          null,
          1,
          1,
          null,
          null
        ]
      },
      "/Users/phillipkamps/turing/1module/group_projects/black_thursday/spec/sales_engine_spec.rb": {
        "lines": [
          1,
          1,
          1,
          1,
          null,
          1,
          null,
          1,
          null,
          null,
          null,
          null,
          1,
          null,
          1,
          null,
          null,
          null,
          1,
          null,
          1,
          1,
          null,
          null,
          1,
          1,
          1,
          null,
          null,
          null
        ]
      },
      "/Users/phillipkamps/turing/1module/group_projects/black_thursday/spec/item_spec.rb": {
        "lines": [
          1,
          1,
          1,
          null,
          1,
          1,
          null,
          null,
          null,
          null,
          null,
          null,
          null,
          null,
          null,
          1,
          null,
          1,
          1,
          null,
          null,
          1,
          1,
          1,
          1,
          1,
          1,
          1,
          1,
          null,
          null,
          1,
          1,
          null,
          null
        ]
      },
      "/Users/phillipkamps/turing/1module/group_projects/black_thursday/spec/item_repo_spec.rb": {
        "lines": [
          1,
          1,
          1,
          1,
          null,
          1,
          1,
          null,
          null,
          null,
          1,
          null,
          1,
          1,
          null,
          null,
          1,
          1,
          null,
          null,
          1,
          1,
          1,
          1,
          1,
          null,
          null,
          1,
          1,
          1,
          1,
          null,
          null,
          1,
          1,
          1,
          1,
          null,
          null,
          1,
          null,
          1,
          1,
          null,
          null,
          1,
          1,
          1,
          null,
          null,
          1,
          1,
          1,
          null,
          null,
          1,
          null,
          1,
          1,
          null,
          null,
          1,
          1,
          1,
          1,
          1,
          1,
          null,
          null,
          1,
          1,
          1,
          1,
          1,
          null,
          null,
          1,
          1,
          1,
          1,
          null,
          null,
          null
        ]
      },
      "/Users/phillipkamps/turing/1module/group_projects/black_thursday/lib/item_repo.rb": {
        "lines": [
          null,
          1,
          1,
          null,
          null,
          1,
          null,
          1,
          1,
          null,
          null,
          1,
          1,
          null,
          null,
          1,
          6,
          6851,
          null,
          null,
          null,
          1,
          3,
          1388,
          null,
          null,
          null,
          1,
          1,
          1367,
          null,
          null,
          null,
          1,
          1,
          1367,
          null,
          null,
          null,
          1,
          1,
          1,
          1367,
          null,
          1,
          null,
          null,
          1,
          1,
          1367,
          null,
          null,
          null,
          1,
          3,
          3,
          3,
          3,
          3,
          3,
          3,
          null,
          null,
          1,
          1,
          1,
          null,
          1,
          0,
          null,
          1,
          0,
          null,
          null,
          null,
          1,
          1,
          null,
          null,
          null
        ]
      }
    },
    "timestamp": 1646013040
  }
}
